# JRE version: OpenJDK Runtime Environment Temurin-17.0.8.1+1 (17.0.8.1+1) (build 17.0.8.1+1)
# Java VM: OpenJDK 64-Bit Server VM Temurin-17.0.8.1+1 (17.0.8.1+1, mixed mode, tiered, compressed oops, compressed class ptrs, parallel gc, linux-amd64)
GC Precious Log:
 CPUs: 16 total, 4 available
 Memory: 3803M
 Large Page Support: Disabled
 NUMA Support: Disabled
 Compressed Oops: Enabled (32-bit)
 Alignments: Space 512K, Generation 512K, Heap 2M
 Heap Min Capacity: 100M
 Heap Initial Capacity: 100M
 Heap Max Capacity: 1G
 Pre-touch: Disabled
 Parallel Workers: 4
Heap:
 PSYoungGen      total 30720K, used 30432K [0x00000000eab00000, 0x00000000ed780000, 0x0000000100000000)
  eden space 19968K, 100% used [0x00000000eab00000,0x00000000ebe80000,0x00000000ebe80000)
  from space 10752K, 97% used [0x00000000ebe80000,0x00000000ec8b8000,0x00000000ec900000)
  to   space 12800K, 0% used [0x00000000ecb00000,0x00000000ecb10000,0x00000000ed780000)
 ParOldGen       total 105984K, used 67630K [0x00000000c0000000, 0x00000000c6780000, 0x00000000eab00000)
  object space 105984K, 63% used [0x00000000c0000000,0x00000000c420b900,0x00000000c6780000)
 Metaspace       used 67885K, committed 68928K, reserved 1114112K
  class space    used 7217K, committed 7616K, reserved 1048576K
GC Heap History (20 events):
Event: 117.908 GC heap after
{Heap after GC invocations=31 (full 3):
 PSYoungGen      total 20480K, used 484K [0x00000000eab00000, 0x00000000ec500000, 0x0000000100000000)
  eden space 19968K, 0% used [0x00000000eab00000,0x00000000eab00000,0x00000000ebe80000)
  from space 512K, 94% used [0x00000000ec180000,0x00000000ec1f9350,0x00000000ec200000)
  to   space 3072K, 0% used [0x00000000ebe80000,0x00000000ebe80000,0x00000000ec180000)
 ParOldGen       total 68608K, used 34377K [0x00000000c0000000, 0x00000000c4300000, 0x00000000eab00000)
  object space 68608K, 50% used [0x00000000c0000000,0x00000000c2192718,0x00000000c4300000)
 Metaspace       used 60951K, committed 62016K, reserved 1114112K
  class space    used 6551K, committed 6976K, reserved 1048576K
}
Event: 120.756 GC heap before
{Heap before GC invocations=32 (full 3):
 PSYoungGen      total 20480K, used 20452K [0x00000000eab00000, 0x00000000ec500000, 0x0000000100000000)
  eden space 19968K, 100% used [0x00000000eab00000,0x00000000ebe80000,0x00000000ebe80000)
  from space 512K, 94% used [0x00000000ec180000,0x00000000ec1f9350,0x00000000ec200000)
  to   space 3072K, 0% used [0x00000000ebe80000,0x00000000ebe80000,0x00000000ec180000)
 ParOldGen       total 68608K, used 34377K [0x00000000c0000000, 0x00000000c4300000, 0x00000000eab00000)
  object space 68608K, 50% used [0x00000000c0000000,0x00000000c2192718,0x00000000c4300000)
 Metaspace       used 63005K, committed 64000K, reserved 1114112K
  class space    used 6739K, committed 7168K, reserved 1048576K
}
Event: 120.857 GC heap after
{Heap after GC invocations=32 (full 3):
 PSYoungGen      total 22016K, used 1960K [0x00000000eab00000, 0x00000000ec380000, 0x0000000100000000)
  eden space 19968K, 0% used [0x00000000eab00000,0x00000000eab00000,0x00000000ebe80000)
  from space 2048K, 95% used [0x00000000ebe80000,0x00000000ec06a2b0,0x00000000ec080000)
  to   space 2560K, 0% used [0x00000000ec100000,0x00000000ec100000,0x00000000ec380000)
 ParOldGen       total 68608K, used 34834K [0x00000000c0000000, 0x00000000c4300000, 0x00000000eab00000)
  object space 68608K, 50% used [0x00000000c0000000,0x00000000c2204a38,0x00000000c4300000)
 Metaspace       used 63005K, committed 64000K, reserved 1114112K
  class space    used 6739K, committed 7168K, reserved 1048576K
}
Event: 123.474 GC heap before
{Heap before GC invocations=33 (full 3):
 PSYoungGen      total 22016K, used 21928K [0x00000000eab00000, 0x00000000ec380000, 0x0000000100000000)
  eden space 19968K, 100% used [0x00000000eab00000,0x00000000ebe80000,0x00000000ebe80000)
  from space 2048K, 95% used [0x00000000ebe80000,0x00000000ec06a2b0,0x00000000ec080000)
  to   space 2560K, 0% used [0x00000000ec100000,0x00000000ec100000,0x00000000ec380000)
 ParOldGen       total 68608K, used 34856K [0x00000000c0000000, 0x00000000c4300000, 0x00000000eab00000)
  object space 68608K, 50% used [0x00000000c0000000,0x00000000c220a088,0x00000000c4300000)
 Metaspace       used 64043K, committed 65088K, reserved 1114112K
  class space    used 6820K, committed 7232K, reserved 1048576K
}
Event: 123.693 GC heap after
{Heap after GC invocations=33 (full 3):
 PSYoungGen      total 20992K, used 515K [0x00000000eab00000, 0x00000000ec200000, 0x0000000100000000)
  eden space 19968K, 0% used [0x00000000eab00000,0x00000000eab00000,0x00000000ebe80000)
  from space 1024K, 50% used [0x00000000ec100000,0x00000000ec180d90,0x00000000ec200000)
  to   space 1536K, 0% used [0x00000000ebf00000,0x00000000ebf00000,0x00000000ec080000)
 ParOldGen       total 68608K, used 36731K [0x00000000c0000000, 0x00000000c4300000, 0x00000000eab00000)
  object space 68608K, 53% used [0x00000000c0000000,0x00000000c23ded88,0x00000000c4300000)
 Metaspace       used 64043K, committed 65088K, reserved 1114112K
  class space    used 6820K, committed 7232K, reserved 1048576K
}
Event: 127.418 GC heap before
{Heap before GC invocations=34 (full 3):
 PSYoungGen      total 20992K, used 20483K [0x00000000eab00000, 0x00000000ec200000, 0x0000000100000000)
  eden space 19968K, 100% used [0x00000000eab00000,0x00000000ebe80000,0x00000000ebe80000)
  from space 1024K, 50% used [0x00000000ec100000,0x00000000ec180d90,0x00000000ec200000)
  to   space 1536K, 0% used [0x00000000ebf00000,0x00000000ebf00000,0x00000000ec080000)
 ParOldGen       total 68608K, used 36745K [0x00000000c0000000, 0x00000000c4300000, 0x00000000eab00000)
  object space 68608K, 53% used [0x00000000c0000000,0x00000000c23e2750,0x00000000c4300000)
 Metaspace       used 65301K, committed 66368K, reserved 1114112K
  class space    used 6968K, committed 7424K, reserved 1048576K
}
Event: 127.512 GC heap after
{Heap after GC invocations=34 (full 3):
 PSYoungGen      total 21504K, used 1523K [0x00000000eab00000, 0x00000000ec680000, 0x0000000100000000)
  eden space 19968K, 0% used [0x00000000eab00000,0x00000000eab00000,0x00000000ebe80000)
  from space 1536K, 99% used [0x00000000ebf00000,0x00000000ec07cec8,0x00000000ec080000)
  to   space 4096K, 0% used [0x00000000ec280000,0x00000000ec280000,0x00000000ec680000)
 ParOldGen       total 68608K, used 38704K [0x00000000c0000000, 0x00000000c4300000, 0x00000000eab00000)
  object space 68608K, 56% used [0x00000000c0000000,0x00000000c25cc258,0x00000000c4300000)
 Metaspace       used 65301K, committed 66368K, reserved 1114112K
  class space    used 6968K, committed 7424K, reserved 1048576K
}
Event: 130.993 GC heap before
{Heap before GC invocations=35 (full 3):
 PSYoungGen      total 21504K, used 21491K [0x00000000eab00000, 0x00000000ec680000, 0x0000000100000000)
  eden space 19968K, 100% used [0x00000000eab00000,0x00000000ebe80000,0x00000000ebe80000)
  from space 1536K, 99% used [0x00000000ebf00000,0x00000000ec07cec8,0x00000000ec080000)
  to   space 4096K, 0% used [0x00000000ec280000,0x00000000ec280000,0x00000000ec680000)
 ParOldGen       total 68608K, used 38779K [0x00000000c0000000, 0x00000000c4300000, 0x00000000eab00000)
  object space 68608K, 56% used [0x00000000c0000000,0x00000000c25dee90,0x00000000c4300000)
 Metaspace       used 66610K, committed 67712K, reserved 1114112K
  class space    used 7091K, committed 7552K, reserved 1048576K
}
Event: 131.021 GC heap after
{Heap after GC invocations=35 (full 3):
 PSYoungGen      total 21504K, used 1428K [0x00000000eab00000, 0x00000000ec400000, 0x0000000100000000)
  eden space 19968K, 0% used [0x00000000eab00000,0x00000000eab00000,0x00000000ebe80000)
  from space 1536K, 92% used [0x00000000ec280000,0x00000000ec3e51b8,0x00000000ec400000)
  to   space 2560K, 0% used [0x00000000ebf00000,0x00000000ebf00000,0x00000000ec180000)
 ParOldGen       total 68608K, used 40130K [0x00000000c0000000, 0x00000000c4300000, 0x00000000eab00000)
  object space 68608K, 58% used [0x00000000c0000000,0x00000000c27309b8,0x00000000c4300000)
 Metaspace       used 66610K, committed 67712K, reserved 1114112K
  class space    used 7091K, committed 7552K, reserved 1048576K
}
Event: 132.514 GC heap before
{Heap before GC invocations=36 (full 3):
 PSYoungGen      total 21504K, used 18632K [0x00000000eab00000, 0x00000000ec400000, 0x0000000100000000)
  eden space 19968K, 86% used [0x00000000eab00000,0x00000000ebbcd118,0x00000000ebe80000)
  from space 1536K, 92% used [0x00000000ec280000,0x00000000ec3e51b8,0x00000000ec400000)
  to   space 2560K, 0% used [0x00000000ebf00000,0x00000000ebf00000,0x00000000ec180000)
 ParOldGen       total 68608K, used 40130K [0x00000000c0000000, 0x00000000c4300000, 0x00000000eab00000)
  object space 68608K, 58% used [0x00000000c0000000,0x00000000c27309b8,0x00000000c4300000)
 Metaspace       used 67195K, committed 68352K, reserved 1114112K
  class space    used 7154K, committed 7616K, reserved 1048576K
}
Event: 132.576 GC heap after
{Heap after GC invocations=36 (full 3):
 PSYoungGen      total 22528K, used 2533K [0x00000000eab00000, 0x00000000ecf80000, 0x0000000100000000)
  eden space 19968K, 0% used [0x00000000eab00000,0x00000000eab00000,0x00000000ebe80000)
  from space 2560K, 98% used [0x00000000ebf00000,0x00000000ec179410,0x00000000ec180000)
  to   space 8704K, 0% used [0x00000000ec700000,0x00000000ec700000,0x00000000ecf80000)
 ParOldGen       total 68608K, used 44943K [0x00000000c0000000, 0x00000000c4300000, 0x00000000eab00000)
  object space 68608K, 65% used [0x00000000c0000000,0x00000000c2be3e00,0x00000000c4300000)
 Metaspace       used 67195K, committed 68352K, reserved 1114112K
  class space    used 7154K, committed 7616K, reserved 1048576K
}
Event: 133.995 GC heap before
{Heap before GC invocations=37 (full 3):
 PSYoungGen      total 22528K, used 22501K [0x00000000eab00000, 0x00000000ecf80000, 0x0000000100000000)
  eden space 19968K, 100% used [0x00000000eab00000,0x00000000ebe80000,0x00000000ebe80000)
  from space 2560K, 98% used [0x00000000ebf00000,0x00000000ec179410,0x00000000ec180000)
  to   space 8704K, 0% used [0x00000000ec700000,0x00000000ec700000,0x00000000ecf80000)
 ParOldGen       total 91136K, used 82282K [0x00000000c0000000, 0x00000000c5900000, 0x00000000eab00000)
  object space 91136K, 90% used [0x00000000c0000000,0x00000000c505a950,0x00000000c5900000)
 Metaspace       used 67240K, committed 68352K, reserved 1114112K
  class space    used 7157K, committed 7616K, reserved 1048576K
}
Event: 134.059 GC heap after
{Heap after GC invocations=37 (full 3):
 PSYoungGen      total 25088K, used 4704K [0x00000000eab00000, 0x00000000ecc00000, 0x0000000100000000)
  eden space 19968K, 0% used [0x00000000eab00000,0x00000000eab00000,0x00000000ebe80000)
  from space 5120K, 91% used [0x00000000ec700000,0x00000000ecb98000,0x00000000ecc00000)
  to   space 5632K, 0% used [0x00000000ec100000,0x00000000ec100000,0x00000000ec680000)
 ParOldGen       total 91136K, used 83484K [0x00000000c0000000, 0x00000000c5900000, 0x00000000eab00000)
  object space 91136K, 91% used [0x00000000c0000000,0x00000000c51870c8,0x00000000c5900000)
 Metaspace       used 67240K, committed 68352K, reserved 1114112K
  class space    used 7157K, committed 7616K, reserved 1048576K
}
Event: 135.925 GC heap before
{Heap before GC invocations=38 (full 3):
 PSYoungGen      total 25088K, used 24672K [0x00000000eab00000, 0x00000000ecc00000, 0x0000000100000000)
  eden space 19968K, 100% used [0x00000000eab00000,0x00000000ebe80000,0x00000000ebe80000)
  from space 5120K, 91% used [0x00000000ec700000,0x00000000ecb98000,0x00000000ecc00000)
  to   space 5632K, 0% used [0x00000000ec100000,0x00000000ec100000,0x00000000ec680000)
 ParOldGen       total 91136K, used 83484K [0x00000000c0000000, 0x00000000c5900000, 0x00000000eab00000)
  object space 91136K, 91% used [0x00000000c0000000,0x00000000c51870c8,0x00000000c5900000)
 Metaspace       used 67454K, committed 68480K, reserved 1114112K
  class space    used 7185K, committed 7616K, reserved 1048576K
}
Event: 136.138 GC heap after
{Heap after GC invocations=38 (full 3):
 PSYoungGen      total 25600K, used 5632K [0x00000000eab00000, 0x00000000ee380000, 0x0000000100000000)
  eden space 19968K, 0% used [0x00000000eab00000,0x00000000eab00000,0x00000000ebe80000)
  from space 5632K, 100% used [0x00000000ec100000,0x00000000ec680000,0x00000000ec680000)
  to   space 18944K, 0% used [0x00000000ed100000,0x00000000ed100000,0x00000000ee380000)
 ParOldGen       total 94720K, used 94656K [0x00000000c0000000, 0x00000000c5c80000, 0x00000000eab00000)
  object space 94720K, 99% used [0x00000000c0000000,0x00000000c5c700d8,0x00000000c5c80000)
 Metaspace       used 67454K, committed 68480K, reserved 1114112K
  class space    used 7185K, committed 7616K, reserved 1048576K
}
Event: 136.138 GC heap before
{Heap before GC invocations=39 (full 4):
 PSYoungGen      total 25600K, used 5632K [0x00000000eab00000, 0x00000000ee380000, 0x0000000100000000)
  eden space 19968K, 0% used [0x00000000eab00000,0x00000000eab00000,0x00000000ebe80000)
  from space 5632K, 100% used [0x00000000ec100000,0x00000000ec680000,0x00000000ec680000)
  to   space 18944K, 0% used [0x00000000ed100000,0x00000000ed100000,0x00000000ee380000)
 ParOldGen       total 94720K, used 94656K [0x00000000c0000000, 0x00000000c5c80000, 0x00000000eab00000)
  object space 94720K, 99% used [0x00000000c0000000,0x00000000c5c700d8,0x00000000c5c80000)
 Metaspace       used 67454K, committed 68480K, reserved 1114112K
  class space    used 7185K, committed 7616K, reserved 1048576K
}
Event: 137.320 GC heap after
{Heap after GC invocations=39 (full 4):
 PSYoungGen      total 38912K, used 0K [0x00000000eab00000, 0x00000000ee380000, 0x0000000100000000)
  eden space 19968K, 0% used [0x00000000eab00000,0x00000000eab00000,0x00000000ebe80000)
  from space 18944K, 0% used [0x00000000ed100000,0x00000000ed100000,0x00000000ee380000)
  to   space 18944K, 0% used [0x00000000ebe80000,0x00000000ebe80000,0x00000000ed100000)
 ParOldGen       total 105984K, used 67622K [0x00000000c0000000, 0x00000000c6780000, 0x00000000eab00000)
  object space 105984K, 63% used [0x00000000c0000000,0x00000000c4209900,0x00000000c6780000)
 Metaspace       used 67454K, committed 68480K, reserved 1114112K
  class space    used 7185K, committed 7616K, reserved 1048576K
}
Event: 139.036 GC heap before
{Heap before GC invocations=40 (full 4):
 PSYoungGen      total 38912K, used 19968K [0x00000000eab00000, 0x00000000ee380000, 0x0000000100000000)
  eden space 19968K, 100% used [0x00000000eab00000,0x00000000ebe80000,0x00000000ebe80000)
  from space 18944K, 0% used [0x00000000ed100000,0x00000000ed100000,0x00000000ee380000)
  to   space 18944K, 0% used [0x00000000ebe80000,0x00000000ebe80000,0x00000000ed100000)
 ParOldGen       total 105984K, used 67622K [0x00000000c0000000, 0x00000000c6780000, 0x00000000eab00000)
  object space 105984K, 63% used [0x00000000c0000000,0x00000000c4209900,0x00000000c6780000)
 Metaspace       used 67540K, committed 68544K, reserved 1114112K
  class space    used 7185K, committed 7616K, reserved 1048576K
}
Event: 139.079 GC heap after
{Heap after GC invocations=40 (full 4):
 PSYoungGen      total 30720K, used 10464K [0x00000000eab00000, 0x00000000ed780000, 0x0000000100000000)
  eden space 19968K, 0% used [0x00000000eab00000,0x00000000eab00000,0x00000000ebe80000)
  from space 10752K, 97% used [0x00000000ebe80000,0x00000000ec8b8000,0x00000000ec900000)
  to   space 12800K, 0% used [0x00000000ecb00000,0x00000000ecb00000,0x00000000ed780000)
 ParOldGen       total 105984K, used 67630K [0x00000000c0000000, 0x00000000c6780000, 0x00000000eab00000)
  object space 105984K, 63% used [0x00000000c0000000,0x00000000c420b900,0x00000000c6780000)
 Metaspace       used 67540K, committed 68544K, reserved 1114112K
  class space    used 7185K, committed 7616K, reserved 1048576K
}
Event: 926.829 GC heap before
{Heap before GC invocations=41 (full 4):
 PSYoungGen      total 30720K, used 30432K [0x00000000eab00000, 0x00000000ed780000, 0x0000000100000000)
  eden space 19968K, 100% used [0x00000000eab00000,0x00000000ebe80000,0x00000000ebe80000)
  from space 10752K, 97% used [0x00000000ebe80000,0x00000000ec8b8000,0x00000000ec900000)
  to   space 12800K, 0% used [0x00000000ecb00000,0x00000000ecb00000,0x00000000ed780000)
 ParOldGen       total 105984K, used 67630K [0x00000000c0000000, 0x00000000c6780000, 0x00000000eab00000)
  object space 105984K, 63% used [0x00000000c0000000,0x00000000c420b900,0x00000000c6780000)
 Metaspace       used 67885K, committed 68928K, reserved 1114112K
  class space    used 7217K, committed 7616K, reserved 1048576K
}

